{"/home/francisca/Documentos/Bootcamp/Módulo 4/API-Sing-me-a-Song/src/database/database.js": {"path":"/home/francisca/Documentos/Bootcamp/Módulo 4/API-Sing-me-a-Song/src/database/database.js","statementMap":{"0":{"start":{"line":3,"column":17},"end":{"line":3,"column":19}},"1":{"start":{"line":5,"column":21},"end":{"line":11,"column":1}},"2":{"start":{"line":13,"column":0},"end":{"line":20,"column":1}},"3":{"start":{"line":14,"column":4},"end":{"line":19,"column":6}},"4":{"start":{"line":22,"column":19},"end":{"line":22,"column":43}}},"fnMap":{},"branchMap":{"0":{"loc":{"start":{"line":13,"column":0},"end":{"line":20,"column":1}},"type":"if","locations":[{"start":{"line":13,"column":0},"end":{"line":20,"column":1}},{"start":{},"end":{}}],"line":13}},"s":{"0":1,"1":1,"2":1,"3":0,"4":1},"f":{},"b":{"0":[0,1]},"_coverageSchema":"1a1c01bbd47fc00a2c39e90264f33305004495a9","hash":"3082e3488eee79e5191a1fbaceb2ca0f3412af42"}
,"/home/francisca/Documentos/Bootcamp/Módulo 4/API-Sing-me-a-Song/src/errors/BodyRecommendationError.js": {"path":"/home/francisca/Documentos/Bootcamp/Módulo 4/API-Sing-me-a-Song/src/errors/BodyRecommendationError.js","statementMap":{"0":{"start":{"line":3,"column":8},"end":{"line":3,"column":23}},"1":{"start":{"line":4,"column":8},"end":{"line":4,"column":32}}},"fnMap":{"0":{"name":"(anonymous_0)","decl":{"start":{"line":2,"column":4},"end":{"line":2,"column":5}},"loc":{"start":{"line":2,"column":25},"end":{"line":5,"column":5}},"line":2}},"branchMap":{},"s":{"0":1,"1":1},"f":{"0":1},"b":{},"_coverageSchema":"1a1c01bbd47fc00a2c39e90264f33305004495a9","hash":"09f10c8aae833454ec2eea80cfeb5fc60588fb2b"}
,"/home/francisca/Documentos/Bootcamp/Módulo 4/API-Sing-me-a-Song/src/errors/CanNotFind.js": {"path":"/home/francisca/Documentos/Bootcamp/Módulo 4/API-Sing-me-a-Song/src/errors/CanNotFind.js","statementMap":{"0":{"start":{"line":3,"column":8},"end":{"line":3,"column":23}},"1":{"start":{"line":4,"column":8},"end":{"line":4,"column":36}}},"fnMap":{"0":{"name":"(anonymous_0)","decl":{"start":{"line":2,"column":4},"end":{"line":2,"column":5}},"loc":{"start":{"line":2,"column":25},"end":{"line":5,"column":5}},"line":2}},"branchMap":{},"s":{"0":4,"1":4},"f":{"0":4},"b":{},"_coverageSchema":"1a1c01bbd47fc00a2c39e90264f33305004495a9","hash":"3a1b770988cc478c206085361c19203cd8586c8d"}
,"/home/francisca/Documentos/Bootcamp/Módulo 4/API-Sing-me-a-Song/src/repositories/recommendationRepository.js": {"path":"/home/francisca/Documentos/Bootcamp/Módulo 4/API-Sing-me-a-Song/src/repositories/recommendationRepository.js","statementMap":{"0":{"start":{"line":4,"column":4},"end":{"line":16,"column":5}},"1":{"start":{"line":5,"column":21},"end":{"line":11,"column":31}},"2":{"start":{"line":13,"column":8},"end":{"line":13,"column":25}},"3":{"start":{"line":15,"column":8},"end":{"line":15,"column":21}},"4":{"start":{"line":20,"column":4},"end":{"line":29,"column":5}},"5":{"start":{"line":21,"column":21},"end":{"line":24,"column":16}},"6":{"start":{"line":26,"column":8},"end":{"line":26,"column":25}},"7":{"start":{"line":28,"column":8},"end":{"line":28,"column":21}},"8":{"start":{"line":33,"column":4},"end":{"line":42,"column":5}},"9":{"start":{"line":34,"column":8},"end":{"line":37,"column":17}},"10":{"start":{"line":39,"column":8},"end":{"line":39,"column":20}},"11":{"start":{"line":41,"column":8},"end":{"line":41,"column":21}},"12":{"start":{"line":46,"column":19},"end":{"line":46,"column":22}},"13":{"start":{"line":47,"column":4},"end":{"line":49,"column":5}},"14":{"start":{"line":48,"column":8},"end":{"line":48,"column":23}},"15":{"start":{"line":51,"column":4},"end":{"line":64,"column":5}},"16":{"start":{"line":52,"column":21},"end":{"line":57,"column":20}},"17":{"start":{"line":58,"column":8},"end":{"line":60,"column":9}},"18":{"start":{"line":59,"column":12},"end":{"line":59,"column":42}},"19":{"start":{"line":61,"column":8},"end":{"line":61,"column":25}},"20":{"start":{"line":63,"column":8},"end":{"line":63,"column":21}},"21":{"start":{"line":68,"column":16},"end":{"line":68,"column":58}},"22":{"start":{"line":70,"column":4},"end":{"line":72,"column":5}},"23":{"start":{"line":71,"column":8},"end":{"line":71,"column":35}},"24":{"start":{"line":74,"column":4},"end":{"line":80,"column":5}},"25":{"start":{"line":75,"column":25},"end":{"line":75,"column":60}},"26":{"start":{"line":77,"column":8},"end":{"line":77,"column":29}},"27":{"start":{"line":79,"column":8},"end":{"line":79,"column":21}},"28":{"start":{"line":84,"column":4},"end":{"line":90,"column":5}},"29":{"start":{"line":85,"column":29},"end":{"line":85,"column":92}},"30":{"start":{"line":87,"column":8},"end":{"line":87,"column":33}},"31":{"start":{"line":89,"column":8},"end":{"line":89,"column":18}},"32":{"start":{"line":94,"column":4},"end":{"line":100,"column":5}},"33":{"start":{"line":95,"column":31},"end":{"line":95,"column":94}},"34":{"start":{"line":97,"column":8},"end":{"line":97,"column":35}},"35":{"start":{"line":99,"column":8},"end":{"line":99,"column":18}}},"fnMap":{"0":{"name":"create","decl":{"start":{"line":3,"column":15},"end":{"line":3,"column":21}},"loc":{"start":{"line":3,"column":45},"end":{"line":17,"column":1}},"line":3},"1":{"name":"findById","decl":{"start":{"line":19,"column":15},"end":{"line":19,"column":23}},"loc":{"start":{"line":19,"column":32},"end":{"line":30,"column":1}},"line":19},"2":{"name":"deleteRecommend","decl":{"start":{"line":32,"column":15},"end":{"line":32,"column":30}},"loc":{"start":{"line":32,"column":39},"end":{"line":43,"column":1}},"line":32},"3":{"name":"putScore","decl":{"start":{"line":45,"column":15},"end":{"line":45,"column":23}},"loc":{"start":{"line":45,"column":38},"end":{"line":65,"column":1}},"line":45},"4":{"name":"getTopSongs","decl":{"start":{"line":67,"column":15},"end":{"line":67,"column":26}},"loc":{"start":{"line":67,"column":39},"end":{"line":81,"column":1}},"line":67},"5":{"name":"getPopularSongs","decl":{"start":{"line":83,"column":15},"end":{"line":83,"column":30}},"loc":{"start":{"line":83,"column":33},"end":{"line":91,"column":1}},"line":83},"6":{"name":"getUnpopularSongs","decl":{"start":{"line":93,"column":15},"end":{"line":93,"column":32}},"loc":{"start":{"line":93,"column":35},"end":{"line":101,"column":1}},"line":93}},"branchMap":{"0":{"loc":{"start":{"line":47,"column":4},"end":{"line":49,"column":5}},"type":"if","locations":[{"start":{"line":47,"column":4},"end":{"line":49,"column":5}},{"start":{},"end":{}}],"line":47},"1":{"loc":{"start":{"line":58,"column":8},"end":{"line":60,"column":9}},"type":"if","locations":[{"start":{"line":58,"column":8},"end":{"line":60,"column":9}},{"start":{},"end":{}}],"line":58},"2":{"loc":{"start":{"line":70,"column":4},"end":{"line":72,"column":5}},"type":"if","locations":[{"start":{"line":70,"column":4},"end":{"line":72,"column":5}},{"start":{},"end":{}}],"line":70}},"s":{"0":0,"1":0,"2":0,"3":0,"4":2,"5":2,"6":0,"7":2,"8":0,"9":0,"10":0,"11":0,"12":0,"13":0,"14":0,"15":0,"16":0,"17":0,"18":0,"19":0,"20":0,"21":1,"22":1,"23":1,"24":1,"25":1,"26":0,"27":1,"28":1,"29":1,"30":0,"31":1,"32":1,"33":1,"34":0,"35":1},"f":{"0":0,"1":2,"2":0,"3":0,"4":1,"5":1,"6":1},"b":{"0":[0,0],"1":[0,0],"2":[1,0]},"_coverageSchema":"1a1c01bbd47fc00a2c39e90264f33305004495a9","hash":"84e29a94792298e21ad9b29dd963d206bdb37c59"}
,"/home/francisca/Documentos/Bootcamp/Módulo 4/API-Sing-me-a-Song/src/services/recommendationsService.js": {"path":"/home/francisca/Documentos/Bootcamp/Módulo 4/API-Sing-me-a-Song/src/services/recommendationsService.js","statementMap":{"0":{"start":{"line":7,"column":21},"end":{"line":10,"column":6}},"1":{"start":{"line":12,"column":4},"end":{"line":14,"column":5}},"2":{"start":{"line":13,"column":8},"end":{"line":13,"column":52}},"3":{"start":{"line":18,"column":4},"end":{"line":18,"column":40}},"4":{"start":{"line":20,"column":27},"end":{"line":20,"column":87}},"5":{"start":{"line":22,"column":4},"end":{"line":24,"column":5}},"6":{"start":{"line":23,"column":8},"end":{"line":23,"column":68}},"7":{"start":{"line":26,"column":4},"end":{"line":26,"column":26}},"8":{"start":{"line":30,"column":22},"end":{"line":30,"column":69}},"9":{"start":{"line":32,"column":4},"end":{"line":34,"column":5}},"10":{"start":{"line":33,"column":8},"end":{"line":33,"column":59}},"11":{"start":{"line":36,"column":18},"end":{"line":36,"column":71}},"12":{"start":{"line":38,"column":4},"end":{"line":38,"column":17}},"13":{"start":{"line":42,"column":22},"end":{"line":42,"column":76}},"14":{"start":{"line":44,"column":4},"end":{"line":46,"column":5}},"15":{"start":{"line":45,"column":8},"end":{"line":45,"column":60}},"16":{"start":{"line":48,"column":4},"end":{"line":48,"column":21}},"17":{"start":{"line":52,"column":29},"end":{"line":52,"column":77}},"18":{"start":{"line":53,"column":31},"end":{"line":53,"column":81}},"19":{"start":{"line":54,"column":34},"end":{"line":54,"column":36}},"20":{"start":{"line":56,"column":4},"end":{"line":58,"column":5}},"21":{"start":{"line":57,"column":8},"end":{"line":57,"column":56}},"22":{"start":{"line":60,"column":4},"end":{"line":62,"column":5}},"23":{"start":{"line":61,"column":8},"end":{"line":61,"column":34}},"24":{"start":{"line":64,"column":4},"end":{"line":66,"column":5}},"25":{"start":{"line":65,"column":8},"end":{"line":65,"column":32}},"26":{"start":{"line":68,"column":24},"end":{"line":68,"column":75}},"27":{"start":{"line":69,"column":17},"end":{"line":69,"column":18}},"28":{"start":{"line":70,"column":16},"end":{"line":70,"column":17}},"29":{"start":{"line":71,"column":4},"end":{"line":83,"column":5}},"30":{"start":{"line":71,"column":17},"end":{"line":71,"column":18}},"31":{"start":{"line":72,"column":8},"end":{"line":72,"column":54}},"32":{"start":{"line":73,"column":8},"end":{"line":77,"column":9}},"33":{"start":{"line":74,"column":12},"end":{"line":74,"column":80}},"34":{"start":{"line":75,"column":12},"end":{"line":75,"column":64}},"35":{"start":{"line":76,"column":12},"end":{"line":76,"column":46}},"36":{"start":{"line":78,"column":8},"end":{"line":82,"column":9}},"37":{"start":{"line":79,"column":12},"end":{"line":79,"column":82}},"38":{"start":{"line":80,"column":12},"end":{"line":80,"column":66}},"39":{"start":{"line":81,"column":12},"end":{"line":81,"column":48}},"40":{"start":{"line":85,"column":4},"end":{"line":85,"column":33}}},"fnMap":{"0":{"name":"validateBody","decl":{"start":{"line":6,"column":9},"end":{"line":6,"column":21}},"loc":{"start":{"line":6,"column":45},"end":{"line":15,"column":1}},"line":6},"1":{"name":"postRecommendation","decl":{"start":{"line":17,"column":15},"end":{"line":17,"column":33}},"loc":{"start":{"line":17,"column":57},"end":{"line":27,"column":1}},"line":17},"2":{"name":"vote","decl":{"start":{"line":29,"column":15},"end":{"line":29,"column":19}},"loc":{"start":{"line":29,"column":34},"end":{"line":39,"column":1}},"line":29},"3":{"name":"getSongs","decl":{"start":{"line":41,"column":15},"end":{"line":41,"column":23}},"loc":{"start":{"line":41,"column":36},"end":{"line":49,"column":1}},"line":41},"4":{"name":"getSongsRandom","decl":{"start":{"line":51,"column":15},"end":{"line":51,"column":29}},"loc":{"start":{"line":51,"column":32},"end":{"line":86,"column":1}},"line":51}},"branchMap":{"0":{"loc":{"start":{"line":12,"column":4},"end":{"line":14,"column":5}},"type":"if","locations":[{"start":{"line":12,"column":4},"end":{"line":14,"column":5}},{"start":{},"end":{}}],"line":12},"1":{"loc":{"start":{"line":22,"column":4},"end":{"line":24,"column":5}},"type":"if","locations":[{"start":{"line":22,"column":4},"end":{"line":24,"column":5}},{"start":{},"end":{}}],"line":22},"2":{"loc":{"start":{"line":32,"column":4},"end":{"line":34,"column":5}},"type":"if","locations":[{"start":{"line":32,"column":4},"end":{"line":34,"column":5}},{"start":{},"end":{}}],"line":32},"3":{"loc":{"start":{"line":44,"column":4},"end":{"line":46,"column":5}},"type":"if","locations":[{"start":{"line":44,"column":4},"end":{"line":46,"column":5}},{"start":{},"end":{}}],"line":44},"4":{"loc":{"start":{"line":56,"column":4},"end":{"line":58,"column":5}},"type":"if","locations":[{"start":{"line":56,"column":4},"end":{"line":58,"column":5}},{"start":{},"end":{}}],"line":56},"5":{"loc":{"start":{"line":56,"column":8},"end":{"line":56,"column":62}},"type":"binary-expr","locations":[{"start":{"line":56,"column":8},"end":{"line":56,"column":32}},{"start":{"line":56,"column":36},"end":{"line":56,"column":62}}],"line":56},"6":{"loc":{"start":{"line":60,"column":4},"end":{"line":62,"column":5}},"type":"if","locations":[{"start":{"line":60,"column":4},"end":{"line":62,"column":5}},{"start":{},"end":{}}],"line":60},"7":{"loc":{"start":{"line":64,"column":4},"end":{"line":66,"column":5}},"type":"if","locations":[{"start":{"line":64,"column":4},"end":{"line":66,"column":5}},{"start":{},"end":{}}],"line":64},"8":{"loc":{"start":{"line":73,"column":8},"end":{"line":77,"column":9}},"type":"if","locations":[{"start":{"line":73,"column":8},"end":{"line":77,"column":9}},{"start":{},"end":{}}],"line":73},"9":{"loc":{"start":{"line":73,"column":12},"end":{"line":73,"column":49}},"type":"binary-expr","locations":[{"start":{"line":73,"column":12},"end":{"line":73,"column":22}},{"start":{"line":73,"column":26},"end":{"line":73,"column":49}}],"line":73},"10":{"loc":{"start":{"line":78,"column":8},"end":{"line":82,"column":9}},"type":"if","locations":[{"start":{"line":78,"column":8},"end":{"line":82,"column":9}},{"start":{},"end":{}}],"line":78},"11":{"loc":{"start":{"line":78,"column":12},"end":{"line":78,"column":52}},"type":"binary-expr","locations":[{"start":{"line":78,"column":12},"end":{"line":78,"column":23}},{"start":{"line":78,"column":27},"end":{"line":78,"column":52}}],"line":78}},"s":{"0":2,"1":2,"2":1,"3":2,"4":1,"5":1,"6":0,"7":1,"8":4,"9":4,"10":2,"11":2,"12":2,"13":1,"14":1,"15":1,"16":0,"17":1,"18":1,"19":1,"20":1,"21":1,"22":0,"23":0,"24":0,"25":0,"26":0,"27":0,"28":0,"29":0,"30":0,"31":0,"32":0,"33":0,"34":0,"35":0,"36":0,"37":0,"38":0,"39":0,"40":0},"f":{"0":2,"1":2,"2":4,"3":1,"4":1},"b":{"0":[1,1],"1":[0,1],"2":[2,2],"3":[1,0],"4":[1,0],"5":[1,1],"6":[0,0],"7":[0,0],"8":[0,0],"9":[0,0],"10":[0,0],"11":[0,0]},"_coverageSchema":"1a1c01bbd47fc00a2c39e90264f33305004495a9","hash":"7e5a7f0badc618e304ca7950591ebd3715a2e8db"}
,"/home/francisca/Documentos/Bootcamp/Módulo 4/API-Sing-me-a-Song/src/validations/recommendationsValidate.js": {"path":"/home/francisca/Documentos/Bootcamp/Módulo 4/API-Sing-me-a-Song/src/validations/recommendationsValidate.js","statementMap":{"0":{"start":{"line":3,"column":18},"end":{"line":3,"column":97}},"1":{"start":{"line":5,"column":29},"end":{"line":8,"column":2}}},"fnMap":{},"branchMap":{},"s":{"0":1,"1":1},"f":{},"b":{},"_coverageSchema":"1a1c01bbd47fc00a2c39e90264f33305004495a9","hash":"44b910dcdc47eeace594374edfe7d67dab3358a8"}
}
