TN:
SF:src/database/database.js
FNF:0
FNH:0
DA:3,1
DA:5,1
DA:13,1
DA:14,0
DA:22,1
LF:5
LH:4
BRDA:13,0,0,0
BRDA:13,0,1,1
BRF:2
BRH:1
end_of_record
TN:
SF:src/errors/BodyRecommendationError.js
FN:2,(anonymous_0)
FNF:1
FNH:1
FNDA:1,(anonymous_0)
DA:3,1
DA:4,1
LF:2
LH:2
BRF:0
BRH:0
end_of_record
TN:
SF:src/errors/CanNotFind.js
FN:2,(anonymous_0)
FNF:1
FNH:1
FNDA:5,(anonymous_0)
DA:3,5
DA:4,5
LF:2
LH:2
BRF:0
BRH:0
end_of_record
TN:
SF:src/repositories/recommendationRepository.js
FN:3,create
FN:19,findById
FN:32,deleteRecommend
FN:45,putScore
FN:67,getTopSongs
FN:83,getPopularSongs
FN:93,getUnpopularSongs
FNF:7
FNH:4
FNDA:0,create
FNDA:3,findById
FNDA:0,deleteRecommend
FNDA:0,putScore
FNDA:1,getTopSongs
FNDA:1,getPopularSongs
FNDA:1,getUnpopularSongs
DA:4,0
DA:5,0
DA:13,0
DA:15,0
DA:20,3
DA:21,3
DA:26,0
DA:28,3
DA:33,0
DA:34,0
DA:39,0
DA:41,0
DA:46,0
DA:47,0
DA:48,0
DA:51,0
DA:52,0
DA:58,0
DA:59,0
DA:61,0
DA:63,0
DA:68,1
DA:70,1
DA:71,1
DA:74,1
DA:75,1
DA:77,0
DA:79,1
DA:84,1
DA:85,1
DA:87,0
DA:89,1
DA:94,1
DA:95,1
DA:97,0
DA:99,1
LF:36
LH:15
BRDA:47,0,0,0
BRDA:47,0,1,0
BRDA:58,1,0,0
BRDA:58,1,1,0
BRDA:70,2,0,1
BRDA:70,2,1,0
BRF:6
BRH:1
end_of_record
TN:
SF:src/services/recommendationsService.js
FN:6,validateBody
FN:17,postRecommendation
FN:29,vote
FN:41,getSongs
FN:51,getSongsRandom
FNF:5
FNH:5
FNDA:1,validateBody
FNDA:1,postRecommendation
FNDA:4,vote
FNDA:1,getSongs
FNDA:1,getSongsRandom
DA:7,1
DA:12,1
DA:13,1
DA:18,1
DA:20,0
DA:22,0
DA:23,0
DA:26,0
DA:30,4
DA:32,4
DA:33,3
DA:36,1
DA:38,1
DA:42,1
DA:44,1
DA:45,1
DA:48,0
DA:52,1
DA:53,1
DA:54,1
DA:56,1
DA:57,1
DA:60,0
DA:61,0
DA:64,0
DA:65,0
DA:68,0
DA:69,0
DA:70,0
DA:71,0
DA:72,0
DA:73,0
DA:74,0
DA:75,0
DA:76,0
DA:78,0
DA:79,0
DA:80,0
DA:81,0
DA:85,0
LF:40
LH:17
BRDA:12,0,0,1
BRDA:12,0,1,0
BRDA:22,1,0,0
BRDA:22,1,1,0
BRDA:32,2,0,3
BRDA:32,2,1,1
BRDA:44,3,0,1
BRDA:44,3,1,0
BRDA:56,4,0,1
BRDA:56,4,1,0
BRDA:56,5,0,1
BRDA:56,5,1,1
BRDA:60,6,0,0
BRDA:60,6,1,0
BRDA:64,7,0,0
BRDA:64,7,1,0
BRDA:73,8,0,0
BRDA:73,8,1,0
BRDA:73,9,0,0
BRDA:73,9,1,0
BRDA:78,10,0,0
BRDA:78,10,1,0
BRDA:78,11,0,0
BRDA:78,11,1,0
BRF:24
BRH:7
end_of_record
TN:
SF:src/validations/recommendationsValidate.js
FNF:0
FNH:0
DA:3,1
DA:5,1
LF:2
LH:2
BRF:0
BRH:0
end_of_record
