TN:
SF:src/database/database.js
FNF:0
FNH:0
DA:3,1
DA:5,1
DA:13,1
DA:14,0
DA:22,1
LF:5
LH:4
BRDA:13,0,0,0
BRDA:13,0,1,1
BRF:2
BRH:1
end_of_record
TN:
SF:src/errors/BodyRecommendationError.js
FN:2,(anonymous_0)
FNF:1
FNH:1
FNDA:1,(anonymous_0)
DA:3,1
DA:4,1
LF:2
LH:2
BRF:0
BRH:0
end_of_record
TN:
SF:src/errors/CanNotFind.js
FN:2,(anonymous_0)
FNF:1
FNH:1
FNDA:4,(anonymous_0)
DA:3,4
DA:4,4
LF:2
LH:2
BRF:0
BRH:0
end_of_record
TN:
SF:src/repositories/recommendationRepository.js
FN:3,create
FN:19,findById
FN:32,putScore
FN:52,deleteRecommend
FN:65,getTopSongs
FN:81,getPopularSongs
FN:91,getUnpopularSongs
FNF:7
FNH:1
FNDA:0,create
FNDA:3,findById
FNDA:0,putScore
FNDA:0,deleteRecommend
FNDA:0,getTopSongs
FNDA:0,getPopularSongs
FNDA:0,getUnpopularSongs
DA:4,0
DA:5,0
DA:13,0
DA:15,0
DA:20,3
DA:21,3
DA:26,0
DA:28,3
DA:33,0
DA:34,0
DA:35,0
DA:38,0
DA:39,0
DA:46,0
DA:48,0
DA:53,0
DA:54,0
DA:59,0
DA:61,0
DA:66,0
DA:68,0
DA:69,0
DA:72,0
DA:73,0
DA:75,0
DA:77,0
DA:82,0
DA:83,0
DA:85,0
DA:87,0
DA:92,0
DA:93,0
DA:95,0
DA:97,0
LF:34
LH:3
BRDA:34,0,0,0
BRDA:34,0,1,0
BRDA:68,1,0,0
BRDA:68,1,1,0
BRF:4
BRH:0
end_of_record
TN:
SF:src/services/recommendationsService.js
FN:6,validateBody
FN:17,postRecommendation
FN:29,vote
FN:46,getSongs
FN:56,getSongsRandom
FNF:5
FNH:3
FNDA:1,validateBody
FNDA:1,postRecommendation
FNDA:4,vote
FNDA:0,getSongs
FNDA:0,getSongsRandom
DA:7,1
DA:12,1
DA:13,1
DA:18,1
DA:20,0
DA:22,0
DA:23,0
DA:26,0
DA:30,4
DA:32,4
DA:33,4
DA:36,0
DA:38,0
DA:39,0
DA:40,0
DA:43,0
DA:47,0
DA:49,0
DA:50,0
DA:53,0
DA:57,0
DA:58,0
DA:59,0
DA:61,0
DA:62,0
DA:65,0
DA:66,0
DA:69,0
DA:70,0
DA:73,0
DA:74,0
DA:75,0
DA:76,0
DA:77,0
DA:78,0
DA:79,0
DA:80,0
DA:81,0
DA:83,0
DA:84,0
DA:85,0
DA:86,0
DA:90,0
LF:43
LH:7
BRDA:12,0,0,1
BRDA:12,0,1,0
BRDA:22,1,0,0
BRDA:22,1,1,0
BRDA:32,2,0,4
BRDA:32,2,1,0
BRDA:38,3,0,0
BRDA:38,3,1,0
BRDA:49,4,0,0
BRDA:49,4,1,0
BRDA:61,5,0,0
BRDA:61,5,1,0
BRDA:61,6,0,0
BRDA:61,6,1,0
BRDA:65,7,0,0
BRDA:65,7,1,0
BRDA:69,8,0,0
BRDA:69,8,1,0
BRDA:78,9,0,0
BRDA:78,9,1,0
BRDA:78,10,0,0
BRDA:78,10,1,0
BRDA:83,11,0,0
BRDA:83,11,1,0
BRDA:83,12,0,0
BRDA:83,12,1,0
BRF:26
BRH:2
end_of_record
TN:
SF:src/validations/recommendationsValidate.js
FNF:0
FNH:0
DA:3,1
DA:5,1
LF:2
LH:2
BRF:0
BRH:0
end_of_record
